<?xml version="1.0" encoding="UTF-8"?>
<testng-results ignored="0" total="1" passed="1" failed="0" skipped="0">
  <reporter-output>
  </reporter-output>
  <suite started-at="2023-10-31T02:40:17 IST" name="Default suite" finished-at="2023-10-31T02:41:25 IST" duration-ms="68051">
    <groups>
    </groups>
    <test started-at="2023-10-31T02:40:17 IST" name="Default test" finished-at="2023-10-31T02:41:25 IST" duration-ms="68051">
      <class name="YTAutomate.YoutubeVideoSearchAndPlayTest">
        <test-method signature="playVideo()[pri:0, instance:YTAutomate.YoutubeVideoSearchAndPlayTest@79924b]" started-at="2023-10-31T02:40:17 IST" name="playVideo" finished-at="2023-10-31T02:41:25 IST" duration-ms="67912" status="PASS">
          <reporter-output>
          </reporter-output>
        </test-method> <!-- playVideo -->
      </class> <!-- YTAutomate.YoutubeVideoSearchAndPlayTest -->
    </test> <!-- Default test -->
  </suite> <!-- Default suite -->
</testng-results>
